Abigail
Abigail's
Agamemnon
Agamemnon's
Agassi
Agassi's
Agassiz
Agassiz's
Agatha
Agatha's
Amiga
Amiga's
Angara
Angara's
Antofagasta
Antofagasta's
Asgard
Asgard's
Ashikaga
Ashikaga's
Auriga
Auriga's
Avogadro
Avogadro's
Bangalore
Bangalore's
Beauregard
Beauregard's
Bengal
Bengal's
Bengali
Bengali's
Bogart
Bogart's
Brigadoon
Brigadoon's
Bugatti
Bugatti's
Bulganin
Bulganin's
Bulgar
Bulgar's
Bulgari
Bulgari's
Bulgaria
Bulgaria's
Bulgarian
Bulgarian's
Bulgarians
Calgary
Calgary's
Cayuga
Cayuga's
Chagall
Chagall's
Chandigarh
Chandigarh's
Chattanooga
Chattanooga's
Colgate
Colgate's
Conestoga
Conestoga's
Congregationalist
Congregationalist's
Congregationalists
Degas
Degas's
Delgado
Delgado's
Devanagari
Devanagari's
Dzungaria
Dzungaria's
Edgar
Edgar's
Edgardo
Edgardo's
Elgar
Elgar's
Figaro
Figaro's
Finnbogadottir
Finnbogadottir's
Finnegan
Finnegan's
Flanagan
Flanagan's
Frigga
Frigga's
Gagarin
Gagarin's
Gargantua
Gargantua's
Gilgamesh
Gilgamesh's
Gilligan
Gilligan's
Gorgas
Gorgas's
Hagar
Hagar's
Haggai
Haggai's
Helga
Helga's
Hogan
Hogan's
Hogarth
Hogarth's
Hrothgar
Hrothgar's
Hungarian
Hungarian's
Hungarians
Hungary
Hungary's
Kanchenjunga
Kanchenjunga's
Karaganda
Karaganda's
Kierkegaard
Kierkegaard's
Kigali
Kigali's
Kirinyaga
Kirinyaga's
Kisangani
Kisangani's
Ladoga
Ladoga's
Logan
Logan's
Madagascan
Madagascan's
Madagascans
Madagascar
Madagascar's
Malagasy
Malagasy's
Margaret
Margaret's
Margarita
Margarita's
Margarito
Margarito's
Meagan
Meagan's
Megan
Megan's
Michigan
Michigan's
Michigander
Michigander's
Michiganders
Mississauga
Mississauga's
Mogadishu
Mogadishu's
Monongahela
Monongahela's
Morgan
Morgan's
Mugabe
Mugabe's
Mulligan
Mulligan's
Nagasaki
Nagasaki's
Narragansett
Narragansett's
Naugahyde
Naugahyde's
Ngaliema
Ngaliema's
Niagara
Niagara's
Nightingale
Nightingale's
Noriega
Noriega's
Olga
Olga's
Onega
Onega's
Onondaga
Onondaga's
Ortega
Ortega's
Ouagadougou
Ouagadougou's
Paganini
Paganini's
Pangaea
Pangaea's
Pegasus
Pegasus's
Pegasuses
Portugal
Portugal's
Reagan
Reagan's
Reaganomics
Reaganomics's
Rheingau
Rheingau's
Riga
Riga's
Sagan
Sagan's
Sargasso
Sargasso's
Sega
Sega's
Senegal
Senegal's
Senegalese
Senegalese's
Singapore
Singapore's
Srinagar
Srinagar's
Stuttgart
Stuttgart's
Svengali
Svengali's
Tagalog
Tagalog's
Tanganyika
Tanganyika's
Tegucigalpa
Tegucigalpa's
Ticonderoga
Ticonderoga's
Tokugawa
Tokugawa's
Tonga
Tonga's
Tongan
Tongan's
Tongans
Tortuga
Tortuga's
Trafalgar
Trafalgar's
Tupungato
Tupungato's
Uganda
Uganda's
Ugandan
Ugandan's
Ugandans
Ungava
Ungava's
Vargas
Vargas's
Vega
Vega's
Vegas
Vegas's
Vijayanagar
Vijayanagar's
Volga
Volga's
Vulgate
Vulgate's
Vulgates
Watergate
Watergate's
Wolfgang
Wolfgang's
Yamagata
Yamagata's
Zyuganov
Zyuganov's
abnegate
abnegated
abnegates
abnegating
abnegation
abnegation's
abrogate
abrogated
abrogates
abrogating
abrogation
abrogation's
abrogations
again
against
agape
agape's
agar
agar's
agate
agate's
agates
agave
agave's
aggregate
aggregate's
aggregated
aggregates
aggregating
aggregation
aggregation's
aggregations
alga
alga's
algae
allegation
allegation's
allegations
alligator
alligator's
alligators
amalgam
amalgam's
amalgamate
amalgamated
amalgamates
amalgamating
amalgamation
amalgamation's
amalgamations
amalgams
arrogance
arrogance's
arrogant
arrogantly
arrogate
arrogated
arrogates
arrogating
backgammon
backgammon's
bagatelle
bagatelle's
bagatelles
baggage
baggage's
bargain
bargain's
bargained
bargainer
bargaining
bargains
began
begat
beggar
beggar's
beggared
beggaring
beggarly
beggars
bigamist
bigamist's
bigamists
bigamous
bigamy
bigamy's
bodega
bodega's
bodegas
braggart
braggart's
braggarts
brigade
brigade's
brigades
brigand
brigand's
brigandage
brigandage's
brigands
brigantine
brigantine's
brigantines
brogan
brogan's
brogans
budgerigar
budgerigar's
budgerigars
bugaboo
bugaboo's
bugaboos
bungalow
bungalow's
bungalows
cardigan
cardigan's
cardigans
castigate
castigated
castigates
castigating
castigation
castigation's
castigator
castigator's
castigators
centrifugal
cigar
cigar's
cigaret
cigaret's
cigarets
cigarette
cigarette's
cigarettes
cigarillo
cigarillo's
cigarillos
cigars
circumnavigate
circumnavigated
circumnavigates
circumnavigating
circumnavigation
circumnavigation's
circumnavigations
conga
conga's
congaed
congaing
congas
congregate
congregated
congregates
congregating
congregation
congregation's
congregational
congregations
conjugal
conjugate
conjugated
conjugates
conjugating
conjugation
conjugation's
conjugations
corrugate
corrugated
corrugates
corrugating
corrugation
corrugation's
corrugations
cougar
cougar's
cougars
delegate
delegate's
delegated
delegates
delegating
delegation
delegation's
delegations
derogate
derogated
derogates
derogating
derogation
derogation's
derogatory
desegregate
desegregated
desegregates
desegregating
desegregation
desegregation's
disengage
disengaged
disengagement
disengagement's
disengagements
disengages
disengaging
disorganization
disorganization's
disorganize
disorganized
disorganizes
disorganizing
disregard
disregard's
disregarded
disregarding
disregards
dungaree
dungaree's
dungarees
egalitarian
egalitarian's
egalitarianism
egalitarianism's
egalitarians
elegance
elegance's
elegant
elegantly
elongate
elongated
elongates
elongating
elongation
elongation's
elongations
engage
engaged
engagement
engagement's
engagements
engages
engaging
engagingly
expurgate
expurgated
expurgates
expurgating
expurgation
expurgation's
expurgations
extravagance
extravagance's
extravagances
extravagant
extravagantly
extravaganza
extravaganza's
extravaganzas
flabbergast
flabbergasted
flabbergasting
flabbergasts
floodgate
floodgate's
floodgates
foregather
foregathered
foregathering
foregathers
forgather
forgathered
forgathering
forgathers
forgave
frigate
frigate's
frigates
frugal
frugality
frugality's
frugally
fumigate
fumigated
fumigates
fumigating
fumigation
fumigation's
fumigator
fumigator's
fumigators
fungal
gab
gab's
gabardine
gabardine's
gabardines
gabbed
gabbier
gabbiest
gabbing
gabble
gabble's
gabbled
gabbles
gabbling
gabby
gaberdine
gaberdine's
gaberdines
gable
gable's
gabled
gables
gabs
gad
gadabout
gadabout's
gadabouts
gadded
gadding
gadflies
gadfly
gadfly's
gadget
gadget's
gadgetry
gadgetry's
gadgets
gads
gaff
gaff's
gaffe
gaffe's
gaffed
gaffes
gaffing
gaffs
gag
gag's
gage
gage's
gaged
gages
gagged
gagging
gaggle
gaggle's
gaggles
gaging
gags
gaiety
gaiety's
gaily
gain
gain's
gained
gainful
gainfully
gaining
gains
gainsaid
gainsay
gainsaying
gainsays
gait
gait's
gaiter
gaiter's
gaiters
gaits
gal
gal's
gala
gala's
galactic
galas
galaxies
galaxy
galaxy's
gale
gale's
galena
galena's
gales
gall
gall's
gallant
gallant's
gallantly
gallantry
gallantry's
gallants
gallbladder
gallbladder's
gallbladders
galled
galleon
galleon's
galleons
galleries
gallery
gallery's
galley
galley's
galleys
galling
gallium
gallium's
gallivant
gallivanted
gallivanting
gallivants
gallon
gallon's
gallons
gallop
gallop's
galloped
galloping
gallops
gallows
gallows's
gallowses
galls
gallstone
gallstone's
gallstones
galore
galosh
galosh's
galoshes
gals
galvanic
galvanize
galvanized
galvanizes
galvanizing
galvanometer
galvanometer's
galvanometers
gambit
gambit's
gambits
gamble
gamble's
gambled
gambler
gambler's
gamblers
gambles
gambling
gambling's
gambol
gambol's
gamboled
gamboling
gambolled
gambolling
gambols
game
game's
gamecock
gamecock's
gamecocks
gamed
gamekeeper
gamekeeper's
gamekeepers
gamely
gameness
gameness's
gamer
games
gamesmanship
gamesmanship's
gamest
gamete
gamete's
gametes
gamey
gamier
gamiest
gamin
gamin's
gamine
gamine's
gamines
gaming
gamins
gamma
gamma's
gammas
gamut
gamut's
gamuts
gamy
gander
gander's
ganders
gang
gang's
ganged
ganging
gangland
gangland's
ganglia
ganglier
gangliest
gangling
ganglion
ganglion's
ganglions
gangly
gangplank
gangplank's
gangplanks
gangrene
gangrene's
gangrened
gangrenes
gangrening
gangrenous
gangs
gangster
gangster's
gangsters
gangway
gangway's
gangways
gannet
gannet's
gannets
gantlet
gantlet's
gantlets
gantries
gantry
gantry's
gap
gap's
gape
gape's
gaped
gapes
gaping
gaps
garage
garage's
garaged
garages
garaging
garb
garb's
garbage
garbage's
garbageman
garbanzo
garbanzo's
garbanzos
garbed
garbing
garble
garbled
garbles
garbling
garbs
garden
garden's
gardened
gardener
gardener's
gardeners
gardenia
gardenia's
gardenias
gardening
gardening's
gardens
gargantuan
gargle
gargle's
gargled
gargles
gargling
gargoyle
gargoyle's
gargoyles
garish
garishly
garishness
garishness's
garland
garland's
garlanded
garlanding
garlands
garlic
garlic's
garlicky
garment
garment's
garments
garner
garnered
garnering
garners
garnet
garnet's
garnets
garnish
garnish's
garnished
garnishee
garnishee's
garnisheed
garnisheeing
garnishees
garnishes
garnishing
garote
garote's
garoted
garotes
garoting
garotte
garotte's
garotted
garottes
garotting
garret
garret's
garrets
garrison
garrison's
garrisoned
garrisoning
garrisons
garrote
garrote's
garroted
garrotes
garroting
garrotte
garrotte's
garrotted
garrottes
garrotting
garrulity
garrulity's
garrulous
garrulously
garrulousness
garrulousness's
garter
garter's
garters
gas
gas's
gaseous
gases
gash
gash's
gashed
gashes
gashing
gasket
gasket's
gaskets
gaslight
gaslight's
gaslights
gasohol
gasohol's
gasolene
gasolene's
gasoline
gasoline's
gasp
gasp's
gasped
gasping
gasps
gassed
gasses
gassier
gassiest
gassing
gassy
gastric
gastritis
gastritis's
gastrointestinal
gastronomic
gastronomical
gastronomy
gastronomy's
gasworks
gasworks's
gate
gate's
gatecrasher
gatecrasher's
gatecrashers
gated
gatepost
gatepost's
gateposts
gates
gateway
gateway's
gateways
gather
gather's
gathered
gatherer
gatherer's
gatherers
gathering
gathering's
gatherings
gathers
gating
gauche
gaucher
gauchest
gaucho
gaucho's
gauchos
gaudier
gaudiest
gaudily
gaudiness
gaudiness's
gaudy
gauge
gauge's
gauged
gauges
gauging
gaunt
gaunter
gauntest
gauntlet
gauntlet's
gauntlets
gauntness
gauntness's
gauze
gauze's
gauzier
gauziest
gauzy
gave
gavel
gavel's
gavels
gavotte
gavotte's
gavottes
gawk
gawked
gawkier
gawkiest
gawkily
gawkiness
gawkiness's
gawking
gawks
gawky
gay
gay's
gayer
gayest
gayety
gayety's
gayly
gayness
gayness's
gays
gaze
gaze's
gazebo
gazebo's
gazeboes
gazebos
gazed
gazelle
gazelle's
gazelles
gazer
gazer's
gazers
gazes
gazette
gazette's
gazetted
gazetteer
gazetteer's
gazetteers
gazettes
gazetting
gazillion
gazillions
gazing
gazpacho
gazpacho's
geegaw
geegaw's
geegaws
gewgaw
gewgaw's
gewgaws
gigabit
gigabit's
gigabits
gigabyte
gigabyte's
gigabytes
gigahertz
gigahertz's
gigantic
gigapixel
gigapixel's
gigapixels
gregarious
gregariously
gregariousness
gregariousness's
haggard
hangar
hangar's
hangars
hogan
hogan's
hogans
hooligan
hooligan's
hooliganism
hooliganism's
hooligans
illegal
illegal's
illegalities
illegality
illegality's
illegally
illegals
indefatigable
indefatigably
inelegance
inelegant
inelegantly
inorganic
instigate
instigated
instigates
instigating
instigation
instigation's
instigator
instigator's
instigators
intergalactic
interrogate
interrogated
interrogates
interrogating
interrogation
interrogation's
interrogations
interrogative
interrogative's
interrogatives
interrogator
interrogator's
interrogatories
interrogators
interrogatory
interrogatory's
investigate
investigated
investigates
investigating
investigation
investigation's
investigations
investigative
investigator
investigator's
investigators
irregardless
irrigate
irrigated
irrigates
irrigating
irrigation
irrigation's
kangaroo
kangaroo's
kangaroos
kindergarten
kindergarten's
kindergartener
kindergartener's
kindergarteners
kindergartens
laggard
laggard's
laggards
lallygag
lallygagged
lallygagging
lallygags
legacies
legacy
legacy's
legal
legal's
legalese
legalese's
legalism
legalism's
legalisms
legalistic
legality
legality's
legalization
legalization's
legalize
legalized
legalizes
legalizing
legally
legals
legate
legate's
legatee
legatee's
legatees
legates
legation
legation's
legations
legato
legato's
legatos
ligament
ligament's
ligaments
ligature
ligature's
ligatured
ligatures
ligaturing
litigant
litigant's
litigants
litigate
litigated
litigates
litigating
litigation
litigation's
loganberries
loganberry
loganberry's
logarithm
logarithm's
logarithmic
logarithms
lollygag
lollygagged
lollygagging
lollygags
luggage
luggage's
madrigal
madrigal's
madrigals
magazine
magazine's
magazines
mahoganies
mahogany
mahogany's
manga
manga's
manganese
manganese's
margarine
margarine's
margarita
margarita's
margaritas
megabyte
megabyte's
megabytes
megachurch
megachurch's
megachurches
megacycle
megacycle's
megacycles
megahertz
megahertz's
megahertzes
megalith
megalith's
megaliths
megalomania
megalomania's
megalomaniac
megalomaniac's
megalomaniacs
megalopolis
megalopolis's
megalopolises
megaphone
megaphone's
megaphoned
megaphones
megaphoning
megapixel
megapixel's
megapixels
megaton
megaton's
megatons
merganser
merganser's
mergansers
microorganism
microorganism's
microorganisms
mitigate
mitigated
mitigates
mitigating
mitigation
mitigation's
monogamous
monogamy
monogamy's
mortgage
mortgage's
mortgaged
mortgagee
mortgagee's
mortgagees
mortgager
mortgager's
mortgagers
mortgages
mortgaging
mortgagor
mortgagor's
mortgagors
mulligatawny
mulligatawny's
navigability
navigability's
navigable
navigate
navigated
navigates
navigating
navigation
navigation's
navigational
navigator
navigator's
navigators
negate
negated
negates
negating
negation
negation's
negations
negative
negative's
negatived
negatively
negatives
negativing
negativity
negativity's
nigga
nigga's
niggard
niggard's
niggardliness
niggardliness's
niggardly
niggards
niggas
niggaz
nightingale
nightingale's
nightingales
nosegay
nosegay's
nosegays
nougat
nougat's
nougats
obligate
obligated
obligates
obligating
obligation
obligation's
obligations
obligatory
oleomargarine
oleomargarine's
oligarch
oligarch's
oligarchic
oligarchies
oligarchs
oligarchy
oligarchy's
omega
omega's
omegas
oregano
oregano's
organ
organ's
organdie
organdie's
organdy
organdy's
organelle
organelle's
organelles
organic
organic's
organically
organics
organism
organism's
organisms
organist
organist's
organists
organization
organization's
organizational
organizations
organize
organized
organizer
organizer's
organizers
organizes
organizing
organs
orgasm
orgasm's
orgasmic
orgasms
origami
origami's
pagan
pagan's
paganism
paganism's
pagans
paralegal
paralegal's
paralegals
polygamist
polygamist's
polygamists
polygamous
polygamy
polygamy's
prerogative
prerogative's
prerogatives
prodigal
prodigal's
prodigality
prodigality's
prodigals
profligacy
profligacy's
profligate
profligate's
profligates
prolongation
prolongation's
prolongations
promulgate
promulgated
promulgates
promulgating
promulgation
promulgation's
propaganda
propaganda's
propagandist
propagandist's
propagandists
propagandize
propagandized
propagandizes
propagandizing
propagate
propagated
propagates
propagating
propagation
propagation's
ptarmigan
ptarmigan's
ptarmigans
purgative
purgative's
purgatives
purgatorial
purgatories
purgatory
purgatory's
raga
raga's
ragamuffin
ragamuffin's
ragamuffins
ragas
regain
regained
regaining
regains
regal
regale
regaled
regales
regalia
regalia's
regaling
regally
regard
regard's
regarded
regarding
regardless
regards
regards's
regatta
regatta's
regattas
reggae
reggae's
relegate
relegated
relegates
relegating
relegation
relegation's
remortgage
remortgaged
remortgages
remortgaging
renegade
renegade's
renegaded
renegades
renegading
reorganization
reorganization's
reorganizations
reorganize
reorganized
reorganizes
reorganizing
rigamarole
rigamarole's
rigamaroles
rutabaga
rutabaga's
rutabagas
saga
saga's
sagacious
sagacity
sagacity's
sagas
segregate
segregated
segregates
segregating
segregation
segregation's
segregationist
segregationist's
segregationists
shenanigan
shenanigan's
shenanigans
slogan
slogan's
slogans
sluggard
sluggard's
sluggards
stargazer
stargazer's
stargazers
stopgap
stopgap's
stopgaps
subjugate
subjugated
subjugates
subjugating
subjugation
subjugation's
suffragan
suffragan's
suffragans
sugar
sugar's
sugarcane
sugarcane's
sugarcoat
sugarcoated
sugarcoating
sugarcoats
sugared
sugarier
sugariest
sugaring
sugarless
sugars
sugary
surrogate
surrogate's
surrogates
tailgate
tailgate's
tailgated
tailgates
tailgating
teargas
teargas's
teargases
teargassed
teargasses
teargassing
termagant
termagant's
termagants
thingamajig
thingamajig's
thingamajigs
toboggan
toboggan's
tobogganed
tobogganing
toboggans
toga
toga's
togae
togas
tollgate
tollgate's
tollgates
undergarment
undergarment's
undergarments
unexpurgated
ungainlier
ungainliest
ungainliness
ungainliness's
ungainly
unmitigated
unorganized
vagabond
vagabond's
vagabonded
vagabonding
vagabonds
vagaries
vagary
vagary's
variegate
variegated
variegates
variegating
vegan
vegan's
vegans
vinegar
vinegar's
vinegary
vulgar
vulgarer
vulgarest
vulgarism
vulgarism's
vulgarisms
vulgarities
vulgarity
vulgarity's
vulgarization
vulgarization's
vulgarize
vulgarized
vulgarizes
vulgarizing
vulgarly
woolgathering
woolgathering's
yoga
yoga's
